<?xml version="1.0" encoding="UTF-8"?>
<!-- Generated by org.testng.reporters.JUnitXMLReporter -->
<testsuite hostname="DESKTOP-BOFIN8C" ignored="0" name="RunCC" tests="5" failures="0" timestamp="2023-09-13T19:31:03 ICT" time="55.392" errors="0">
  <testcase name="TC_011VerifySubscriptioninCartpage" time="4.049" classname="Vluong_Day11.AddCart"/>
  <testcase name="TC_012VerifyMoreProductsOfTheSametype" time="4.787" classname="Vluong_Day11.AddCart"/>
  <testcase name="TC_013VerifyProductsQuantityInCart" time="9.552" classname="Vluong_Day11.AddCart"/>
  <testcase name="TC_014VerifyRemoveProductsInCart" time="8.359" classname="Vluong_Day11.AddCart"/>
  <testcase name="TC_015VerifyCheckOutInCart" time="17.892" classname="Vluong_Day11.AddCart"/>
</testsuite> <!-- RunCC -->
