<?xml version="1.0" encoding="UTF-8"?>
<!-- Generated by org.testng.reporters.JUnitXMLReporter -->
<testsuite hostname="DESKTOP-BOFIN8C" ignored="0" name="RunCC" tests="5" failures="0" timestamp="2023-09-13T01:53:06 ICT" time="53.331" errors="0">
  <testcase name="TC_011VerifySubscriptioninCartpage" time="4.104" classname="Vluong_Day11.AddCart"/>
  <testcase name="TC_012VerifyMoreProductsOfTheSametype" time="6.929" classname="Vluong_Day11.AddCart"/>
  <testcase name="TC_013VerifyProductsQuantityInCart" time="8.65" classname="Vluong_Day11.AddCart"/>
  <testcase name="TC_014VerifyRemoveProductsInCart" time="8.496" classname="Vluong_Day11.AddCart"/>
  <testcase name="TC_015VerifyCheckOutInCart" time="14.028" classname="Vluong_Day11.AddCart"/>
</testsuite> <!-- RunCC -->
