<?xml version="1.0" encoding="UTF-8"?>
<!-- Generated by org.testng.reporters.JUnitXMLReporter -->
<testsuite hostname="DESKTOP-BOFIN8C" ignored="0" name="RunMobile" tests="1" failures="1" timestamp="2023-09-13T01:53:37 ICT" time="30.289" errors="0">
  <testcase name="@AfterMethod saveAttachment" time="0.001" classname="Commons.CommonService">
    <failure type="java.lang.NullPointerException">
      <![CDATA[java.lang.NullPointerException
at Commons.CommonService.screenShot(CommonService.java:138)
at Commons.CommonService.saveAttachment(CommonService.java:172)
at java.util.ArrayList.forEach(Unknown Source)
... Removed 32 stack frames]]>
    </failure>
  </testcase> <!-- @AfterMethod saveAttachment -->
  <testcase name="@AfterTest mini" time="0.079" classname="Commons.CommonService">
    <failure type="org.openqa.selenium.UnsupportedCommandException" message="The requested resource could not be found, or a request was received using an HTTP method that is not supported by the mapped resource
Build info: version: &amp;apos;4.12.1&amp;apos;, revision: &amp;apos;8e34639b11&amp;apos;
System info: os.name: &amp;apos;Windows 10&amp;apos;, os.arch: &amp;apos;amd64&amp;apos;, os.version: &amp;apos;10.0&amp;apos;, java.version: &amp;apos;1.8.0_381&amp;apos;
Driver info: io.appium.java_client.android.AndroidDriver
Command: [8b0344bc-bbed-4c77-be18-419fd78f9053, minimizeCurrentWindow {}]
Capabilities {appium:app: D:\Automation Selenium\Demo..., appium:appActivity: io.appium.android.apis.ApiD..., appium:appPackage: io.appium.android.apis, appium:databaseEnabled: false, appium:desired: {app: D:\Automation Selenium\Demo..., appActivity: io.appium.android.apis.ApiD..., appPackage: io.appium.android.apis, deviceName: 435da4f5, fullReset: true, noReset: false, platformName: ANDROID, resetKeyboard: true, udid: 435da4f5, unicodeKeyboard: true}, appium:deviceApiLevel: 26, appium:deviceManufacturer: samsung, appium:deviceModel: SM-G930U, appium:deviceName: 435da4f5, appium:deviceScreenDensity: 480, appium:deviceScreenSize: 1080x1920, appium:deviceUDID: 435da4f5, appium:fullReset: true, appium:javascriptEnabled: true, appium:locationContextEnabled: false, appium:networkConnectionEnabled: true, appium:noReset: false, appium:pixelRatio: 3, appium:platformVersion: 8.0.0, appium:resetKeyboard: true, appium:statBarHeight: 72, appium:takesScreenshot: true, appium:udid: 435da4f5, appium:unicodeKeyboard: true, appium:viewportRect: {height: 1848, left: 0, top: 72, width: 1080}, appium:warnings: {}, appium:webStorageEnabled: false, platformName: ANDROID}
Session ID: 8b0344bc-bbed-4c77-be18-419fd78f9053">
      <![CDATA[org.openqa.selenium.UnsupportedCommandException: The requested resource could not be found, or a request was received using an HTTP method that is not supported by the mapped resource
Build info: version: '4.12.1', revision: '8e34639b11'
System info: os.name: 'Windows 10', os.arch: 'amd64', os.version: '10.0', java.version: '1.8.0_381'
Driver info: io.appium.java_client.android.AndroidDriver
Command: [8b0344bc-bbed-4c77-be18-419fd78f9053, minimizeCurrentWindow {}]
Capabilities {appium:app: D:\Automation Selenium\Demo..., appium:appActivity: io.appium.android.apis.ApiD..., appium:appPackage: io.appium.android.apis, appium:databaseEnabled: false, appium:desired: {app: D:\Automation Selenium\Demo..., appActivity: io.appium.android.apis.ApiD..., appPackage: io.appium.android.apis, deviceName: 435da4f5, fullReset: true, noReset: false, platformName: ANDROID, resetKeyboard: true, udid: 435da4f5, unicodeKeyboard: true}, appium:deviceApiLevel: 26, appium:deviceManufacturer: samsung, appium:deviceModel: SM-G930U, appium:deviceName: 435da4f5, appium:deviceScreenDensity: 480, appium:deviceScreenSize: 1080x1920, appium:deviceUDID: 435da4f5, appium:fullReset: true, appium:javascriptEnabled: true, appium:locationContextEnabled: false, appium:networkConnectionEnabled: true, appium:noReset: false, appium:pixelRatio: 3, appium:platformVersion: 8.0.0, appium:resetKeyboard: true, appium:statBarHeight: 72, appium:takesScreenshot: true, appium:udid: 435da4f5, appium:unicodeKeyboard: true, appium:viewportRect: {height: 1848, left: 0, top: 72, width: 1080}, appium:warnings: {}, appium:webStorageEnabled: false, platformName: ANDROID}
Session ID: 8b0344bc-bbed-4c77-be18-419fd78f9053
at org.openqa.selenium.remote.codec.w3c.W3CHttpResponseCodec.createException(W3CHttpResponseCodec.java:200)
at org.openqa.selenium.remote.codec.w3c.W3CHttpResponseCodec.decode(W3CHttpResponseCodec.java:133)
at org.openqa.selenium.remote.codec.w3c.W3CHttpResponseCodec.decode(W3CHttpResponseCodec.java:52)
at org.openqa.selenium.remote.HttpCommandExecutor.execute(HttpCommandExecutor.java:191)
at io.appium.java_client.remote.AppiumCommandExecutor.execute(AppiumCommandExecutor.java:262)
at org.openqa.selenium.remote.RemoteWebDriver.execute(RemoteWebDriver.java:602)
at org.openqa.selenium.remote.RemoteWebDriver.execute(RemoteWebDriver.java:675)
at io.appium.java_client.AppiumDriver.execute(AppiumDriver.java:272)
at org.openqa.selenium.remote.RemoteWebDriver$RemoteWebDriverOptions$RemoteWindow.minimize(RemoteWebDriver.java:1067)
at Commons.CommonService.mini(CommonService.java:198)
... Removed 28 stack frames]]>
    </failure>
  </testcase> <!-- @AfterTest mini -->
  <testcase name="DemoApp" time="0.001" classname="Vluong_Day11.Appium_Action">
    <failure type="java.lang.NullPointerException">
      <![CDATA[java.lang.NullPointerException
at Commons.CommonFunc.element_click(CommonFunc.java:42)
at baseObjects.App_Appium.clickbtnAccess(App_Appium.java:36)
at Vluong_Day11.Appium_Action.DemoApp(Appium_Action.java:18)
at java.util.ArrayList.forEach(Unknown Source)
... Removed 27 stack frames]]>
    </failure>
  </testcase> <!-- DemoApp -->
</testsuite> <!-- RunMobile -->
